"../../../Engine/Content/EditorBlueprintResources/StandardMacros.uasset" 0
"../../../../../../Users/tclan/Documents/GitHub/MetroidvaniaJam/Metroidvania/Content/_BP/Interface/Projectile_Interface.uasset" 1
"../../../../../../Users/tclan/Documents/GitHub/MetroidvaniaJam/Metroidvania/Content/_BP/Actors/BP_Projectile.uasset" 2
"../../../Engine/Content/BasicShapes/BasicShapeMaterial.uasset" 3
"../../../Engine/Content/Functions/Engine_MaterialFunctions01/Opacity/CameraDepthFade.uasset" 4
"../../../Engine/Content/EngineMaterials/T_Default_Material_Grid_M.uasset" 5
"../../../Engine/Content/EngineMaterials/T_Default_Material_Grid_N.uasset" 6
"../../../Engine/Content/EngineMaterials/WorldGridMaterial.uasset" 7
"../../../Engine/Content/BasicShapes/Plane.uasset" 8
"../../../../../../Users/tclan/Documents/GitHub/MetroidvaniaJam/Metroidvania/Content/_BP/Actors/BP_StickySurfaceTimed.uasset" 9
"../../../../../../Users/tclan/Documents/GitHub/MetroidvaniaJam/Metroidvania/Content/_Materials/Grenade_Mat.uasset" 10
"../../../Engine/Content/EngineMaterials/DefaultMaterial.uasset" 11
"../../../Engine/Content/BasicShapes/Sphere.uasset" 12
"../../../../../../Users/tclan/Documents/GitHub/MetroidvaniaJam/Metroidvania/Content/_BP/Actors/BP_StickyGrenade.uasset" 13
"../../../../../../Users/tclan/Documents/GitHub/MetroidvaniaJam/Metroidvania/Content/_BP/Interface/ZipLine_Interface.uasset" 14
"../../../../../../Users/tclan/Documents/GitHub/MetroidvaniaJam/Metroidvania/Content/_Materials/Crosshair_Mat.uasset" 15
"../../../../../../Users/tclan/Documents/GitHub/MetroidvaniaJam/Metroidvania/Content/_SkeletalMesh/lambert1.uasset" 16
"../../../../../../Users/tclan/Documents/GitHub/MetroidvaniaJam/Metroidvania/Content/_SkeletalMesh/PC_Pill.uasset" 17
"../../../../../../Users/tclan/Documents/GitHub/MetroidvaniaJam/Metroidvania/Content/_BP/BP_PlayerCharacter.uasset" 18
"../../../../../../Users/tclan/Documents/GitHub/MetroidvaniaJam/Metroidvania/Content/_BP/BP_CustomGame.uasset" 19
"../../../../../../Users/tclan/Documents/GitHub/MetroidvaniaJam/Metroidvania/Content/_BP/Placeholder.uasset" 20
"../../../Engine/Content/BasicShapes/Cube.uasset" 21
"../../../../../../Users/tclan/Documents/GitHub/MetroidvaniaJam/Metroidvania/Content/_BP/Actors/BP_HealthPickup.uasset" 22
"../../../../../../Users/tclan/Documents/GitHub/MetroidvaniaJam/Metroidvania/Content/_BP/Actors/BP_StickySurface.uasset" 23
"../../../../../../Users/tclan/Documents/GitHub/MetroidvaniaJam/Metroidvania/Content/_BP/Actors/Placeholder.uasset" 24
"../../../../../../Users/tclan/Documents/GitHub/MetroidvaniaJam/Metroidvania/Content/_BP/HUD/BP_Crosshair.uasset" 25
"../../../../../../Users/tclan/Documents/GitHub/MetroidvaniaJam/Metroidvania/Content/_Materials/PassiveEnemy_Mat.uasset" 26
"../../../../../../Users/tclan/Documents/GitHub/MetroidvaniaJam/Metroidvania/Content/_BP/Pawns/BP_PassiveEnemy.uasset" 27
"../../../../../../Users/tclan/Documents/GitHub/MetroidvaniaJam/Metroidvania/Content/_BP/Pawns/Placeholder.uasset" 28
"../../../../../../Users/tclan/Documents/GitHub/MetroidvaniaJam/Metroidvania/Content/_BP/Pawns/_AI/BTService_BlueprintBase_New.uasset" 29
"../../../../../../Users/tclan/Documents/GitHub/MetroidvaniaJam/Metroidvania/Content/_BP/Pawns/_AI/PassiveEnemy_BB.uasset" 30
"../../../../../../Users/tclan/Documents/GitHub/MetroidvaniaJam/Metroidvania/Content/_BP/Pawns/_AI/PassiveEnemy_BT.uasset" 31
"../../../../../../Users/tclan/Documents/GitHub/MetroidvaniaJam/Metroidvania/Content/_Levels/Placeholder.uasset" 32
"../../../../../../Users/tclan/Documents/GitHub/MetroidvaniaJam/Metroidvania/Content/_Materials/Placeholder.uasset" 33
"../../../../../../Users/tclan/Documents/GitHub/MetroidvaniaJam/Metroidvania/Content/_SkeletalMesh/Placeholder.uasset" 34
"../../../../../../Users/tclan/Documents/GitHub/MetroidvaniaJam/Metroidvania/Content/_StaticMesh/Placeholder.uasset" 35
"../../../Engine/Content/Animation/DefaultAnimCurveCompressionSettings.uasset" 36
"../../../Engine/Content/ArtTools/RenderToTexture/Meshes/S_1_Unit_Plane.uasset" 37
"../../../Engine/Content/BasicShapes/Cylinder.uasset" 38
"../../../Engine/Content/EditorLandscapeResources/DataLayer.uasset" 39
"../../../Engine/Content/EditorMaterials/GizmoMaterial.uasset" 40
"../../../Engine/Content/EditorMaterials/MAT_Groups_Toggle.uasset" 41
"../../../Engine/Content/EditorMaterials/MAT_Groups_Visibility.uasset" 42
"../../../Engine/Content/EditorMaterials/PreviewShadowIndicator.uasset" 43
"../../../Engine/Content/EditorMaterials/PreviewShadowIndicatorMaterial.uasset" 44
"../../../Engine/Content/EditorMaterials/MatineeGroups/MAT_ColorTrack.uasset" 45
"../../../Engine/Content/EditorMaterials/MatineeGroups/MAT_Groups_Anim.uasset" 46
"../../../Engine/Content/EditorMaterials/MatineeGroups/MAT_Groups_AudioMaster.uasset" 47
"../../../Engine/Content/EditorMaterials/MatineeGroups/MAT_Groups_Director.uasset" 48
"../../../Engine/Content/EditorMaterials/MatineeGroups/MAT_Groups_Event.uasset" 49
"../../../Engine/Content/EditorMaterials/MatineeGroups/MAT_Groups_Fade.uasset" 50
"../../../Engine/Content/EditorMaterials/MatineeGroups/MAT_Groups_Float.uasset" 51
"../../../Engine/Content/EditorMaterials/MatineeGroups/MAT_Groups_Move.uasset" 52
"../../../Engine/Content/EditorMaterials/MatineeGroups/MAT_Groups_Slomo.uasset" 53
"../../../Engine/Content/EditorMaterials/MatineeGroups/MAT_Groups_Sound.uasset" 54
"../../../Engine/Content/EditorMaterials/MatineeGroups/MAT_Groups_Vector.uasset" 55
"../../../Engine/Content/EditorMaterials/ParticleSystems/PSysThumbnail_NoImage.uasset" 56
"../../../Engine/Content/EditorMaterials/ParticleSystems/PSysThumbnail_OOD.uasset" 57
"../../../Engine/Content/EditorMaterials/Camera/CineMat.uasset" 58
"../../../Engine/Content/EditorMaterials/Camera/MI_CineMat_Rig.uasset" 59
"../../../Engine/Content/EditorMeshes/Camera/SM_CraneRig_Arm.uasset" 60
"../../../Engine/Content/EditorMeshes/Camera/SM_CraneRig_Base.uasset" 61
"../../../Engine/Content/EditorMeshes/Camera/SM_CraneRig_Body.uasset" 62
"../../../Engine/Content/EditorMeshes/Camera/SM_CraneRig_Mount.uasset" 63
"../../../Engine/Content/EditorMeshes/Camera/SM_RailRig_Mount.uasset" 64
"../../../Engine/Content/EditorMeshes/Camera/SM_RailRig_Track.uasset" 65
"../../../Engine/Content/EditorResources/BSPVertex.uasset" 66
"../../../Engine/Content/EditorResources/EmptyActor.uasset" 67
"../../../Engine/Content/EditorResources/S_Actor.uasset" 68
"../../../Engine/Content/EditorResources/S_Note.uasset" 69
"../../../Engine/Content/EditorResources/S_Solver.uasset" 70
"../../../Engine/Content/EditorResources/S_Trigger.uasset" 71
"../../../Engine/Content/EditorResources/LightIcons/S_LightError.uasset" 72
"../../../Engine/Content/EditorResources/SequenceRecorder/Countdown.uasset" 73
"../../../Engine/Content/EditorResources/SequenceRecorder/RecordingIndicator.uasset" 74
"../../../Engine/Content/EditorSounds/Notifications/CompileFailed.uasset" 75
"../../../Engine/Content/EditorSounds/Notifications/CompileFailed_Cue.uasset" 76
"../../../Engine/Content/EditorSounds/Notifications/CompileSuccess.uasset" 77
"../../../Engine/Content/EditorSounds/Notifications/CompileStart_Cue.uasset" 78
"../../../Engine/Content/EditorSounds/Notifications/CompileSuccess_Cue.uasset" 79
"../../../Engine/Content/EngineDamageTypes/DmgTypeBP_Environmental.uasset" 80
"../../../Engine/Content/EngineDebugMaterials/HeatmapGradient.uasset" 81
"../../../Engine/Content/EngineDebugMaterials/BoneWeightMaterial.uasset" 82
"../../../Engine/Content/EngineDebugMaterials/ClothMaterial.uasset" 83
"../../../Engine/Content/EngineDebugMaterials/ClothMaterial_WF.uasset" 84
"../../../Engine/Content/EngineDebugMaterials/DebugEditorMaterial.uasset" 85
"../../../Engine/Content/EngineDebugMaterials/DebugMeshMaterial.uasset" 86
"../../../Engine/Content/EngineDebugMaterials/GeomMaterial.uasset" 87
"../../../Engine/Content/EngineDebugMaterials/M_SimpleTranslucent.uasset" 88
"../../../Engine/Content/Functions/Engine_MaterialFunctions02/Utility/CameraDirectionVector.uasset" 89
"../../../Engine/Content/EngineDebugMaterials/VolumeToRender.uasset" 90
"../../../Engine/Content/EngineDebugMaterials/M_VolumeRenderSphereTracePP.uasset" 91
"../../../Engine/Content/EngineDebugMaterials/WireframeMaterial.uasset" 92
"../../../Engine/Content/EngineFonts/Faces/RobotoBold.uasset" 93
"../../../Engine/Content/EngineFonts/Faces/RobotoBoldItalic.uasset" 94
"../../../Engine/Content/EngineFonts/Faces/RobotoItalic.uasset" 95
"../../../Engine/Content/EngineFonts/Faces/RobotoLight.uasset" 96
"../../../Engine/Content/EngineFonts/Faces/RobotoRegular.uasset" 97
"../../../Engine/Content/EngineFonts/Roboto.uasset" 98
"../../../Engine/Content/EngineMaterials/BaseFlattenDiffuseMap.uasset" 99
"../../../Engine/Content/EngineMaterials/BaseFlattenEmissiveMap.uasset" 100
"../../../Engine/Content/EngineMaterials/BaseFlattenGrayscaleMap.uasset" 101
"../../../Engine/Content/EngineMaterials/BaseFlattenNormalMap.uasset" 102
"../../../Engine/Content/EngineMaterials/BaseFlattenMaterial.uasset" 103
"../../../Engine/Content/EngineMaterials/BlueNoise.uasset" 104
"../../../Engine/Content/EngineMaterials/DefaultBloomKernel.uasset" 105
"../../../Engine/Content/EngineMaterials/DefaultBokeh.uasset" 106
"../../../Engine/Content/EngineMaterials/DefaultDiffuse.uasset" 107
"../../../Engine/Content/EngineMaterials/DefaultDeferredDecalMaterial.uasset" 108
"../../../Engine/Content/EngineMaterials/DefaultLightFunctionMaterial.uasset" 109
"../../../Engine/Content/EngineMaterials/DefaultPhysicalMaterial.uasset" 110
"../../../Engine/Content/Functions/Engine_MaterialFunctions02/Utility/BreakOutFloat2Components.uasset" 111
"../../../Engine/Content/EngineMaterials/DefaultPostProcessMaterial.uasset" 112
"../../../Engine/Content/EngineFonts/RobotoDistanceField.uasset" 113
"../../../Engine/Content/EngineMaterials/DefaultTextMaterialOpaque.uasset" 114
"../../../Engine/Content/EngineMaterials/DefaultVirtualTextureMaterial.uasset" 115
"../../../Engine/Content/EngineMaterials/DefaultWhiteGrid.uasset" 116
"../../../Engine/Content/EngineMaterials/EditorBrushMaterial.uasset" 117
"../../../Engine/Content/EngineMaterials/DefaultWhiteGrid_Low.uasset" 118
"../../../Engine/Content/EngineMaterials/EmissiveMeshMaterial.uasset" 119
"../../../Engine/Content/EngineMaterials/Good64x64TilingNoiseHighFreq.uasset" 120
"../../../Engine/Content/EngineMaterials/MiniFont.uasset" 121
"../../../Engine/Content/EngineMaterials/InvalidLightmapSettings.uasset" 122
"../../../Engine/Content/EngineMaterials/M_InvalidLightmapSettings.uasset" 123
"../../../Engine/Content/Functions/Engine_MaterialFunctions02/WorldPositionOffset/CameraOffset.uasset" 124
"../../../Engine/Content/EngineMaterials/PhAT_JointLimitMaterial.uasset" 125
"../../../Engine/Content/EngineMaterials/PreintegratedSkinBRDF.uasset" 126
"../../../Engine/Content/EngineMaterials/RemoveSurfaceMaterial.uasset" 127
"../../../Engine/Content/EngineMaterials/WeightMapPlaceholderTexture.uasset" 128
"../../../Engine/Content/EngineResources/WhiteSquareTexture.uasset" 129
"../../../Engine/Content/EngineMaterials/Widget3DPassThrough.uasset" 130
"../../../Engine/Content/EngineMaterials/Widget3DPassThrough_Masked.uasset" 131
"../../../Engine/Content/EngineMaterials/Widget3DPassThrough_Opaque.uasset" 132
"../../../Engine/Content/EngineMaterials/Widget3DPassThrough_Masked_OneSided.uasset" 133
"../../../Engine/Content/EngineMaterials/Widget3DPassThrough_Opaque_OneSided.uasset" 134
"../../../Engine/Content/EngineMaterials/Widget3DPassThrough_Translucent.uasset" 135
"../../../Engine/Content/EngineMaterials/Widget3DPassThrough_Translucent_OneSided.uasset" 136
"../../../Engine/Content/EngineMeshes/Cylinder.uasset" 137
"../../../Engine/Content/EngineResources/Black.uasset" 138
"../../../Engine/Content/EngineResources/DefaultTexture.uasset" 139
"../../../Engine/Content/EngineResources/DefaultTextureCube.uasset" 140
"../../../Engine/Content/EngineResources/DefaultVolumeTexture2D.uasset" 141
"../../../Engine/Content/EngineResources/DefaultVolumeTexture.uasset" 142
"../../../Engine/Content/EngineResources/GradientTexture0.uasset" 143
"../../../Engine/Content/EngineSounds/Master.uasset" 144
"../../../Engine/Content/Functions/Engine_MaterialFunctions01/Shading/ConvertFromDiffSpec.uasset" 145
"../../../Engine/Content/Functions/Engine_MaterialFunctions01/Shading/PowerToRoughness.uasset" 146
"../../../Engine/Content/Maps/Templates/Thumbnails/Default.uasset" 147
"../../../Engine/Content/Maps/Templates/Thumbnails/VR-Basic.uasset" 148
"../../../Engine/Content/MobileResources/T_MobileControls_texture.uasset" 149
"../../../Engine/Content/MobileResources/T_MobileMenu2.uasset" 150
"../../../Engine/Content/MobileResources/HUD/AnalogHat.uasset" 151
"../../../Engine/Content/MobileResources/HUD/VirtualJoystick_Background.uasset" 152
"../../../Engine/Content/MobileResources/HUD/VirtualJoystick_Thumb.uasset" 153
"../../../Engine/Content/MobileResources/HUD/DefaultVirtualJoysticks.uasset" 154
"../../../Engine/Content/MobileResources/HUD/LeftVirtualJoystickOnly.uasset" 155
"../../../Engine/Content/MobileResources/HUD/MobileHUDButton1_off.uasset" 156
"../../../Engine/Content/MobileResources/HUD/MobileHUDButton1_on.uasset" 157
"../../../Engine/Content/MobileResources/HUD/MobileHUDButton2_off.uasset" 158
"../../../Engine/Content/MobileResources/HUD/MobileHUDButton2_on.uasset" 159
"../../../Engine/Content/MobileResources/HUD/MobileHUDButton3.uasset" 160
"../../../Engine/Content/MobileResources/HUD/MobileHUDButtonFire.uasset" 161
"../../../Engine/Content/MobileResources/HUD/MobileHUDDirectionPad.uasset" 162
"../../../Engine/Content/MobileResources/HUD/MobileHUDDirectionPad2.uasset" 163
"../../../Engine/Content/MobileResources/HUD/MobileHUDDirectionPad3.uasset" 164
"../../../Engine/Content/MobileResources/HUD/MobileHUDDirectionStick.uasset" 165
"../../../Engine/Content/MobileResources/HUD/T_Castle_ThumbstickInner.uasset" 166
"../../../Engine/Content/MobileResources/HUD/T_Castle_ThumbstickOutter.uasset" 167
"../../../Engine/Content/Tutorial/ContentIntroCurve.uasset" 168
"../../../Engine/Content/Tutorial/Basics/LevelEditorAttract.uasset" 169
"../../../Engine/Content/VREditor/LaserPointer/VR_LaserPower_01.uasset" 170
"../../../Engine/Content/VREditor/TransformGizmo/TransformGizmoMaterial.uasset" 171
"../../../Engine/Content/VREditor/TransformGizmo/TranslucentTransformGizmoMaterial.uasset" 172
"../../../Engine/Content/VREditor/TransformGizmo/BoundingBoxCorner.uasset" 173
"../../../Engine/Content/VREditor/TransformGizmo/BoundingBoxEdge.uasset" 174
"../../../Engine/Content/VREditor/TransformGizmo/PlaneTranslationHandle.uasset" 175
"../../../Engine/Content/VREditor/TransformGizmo/Main.uasset" 176
"../../../Engine/Content/VREditor/TransformGizmo/Xray.uasset" 177
"../../../Engine/Content/VREditor/TransformGizmo/SM_Sequencer_Key.uasset" 178
"../../../Engine/Content/VREditor/TransformGizmo/SM_Sequencer_Node.uasset" 179
"../../Plugins/2D/Paper2D/Content/PlaceholderTextures/DummySpriteTexture.uasset" 180
"../../Plugins/2D/Paper2D/Content/DummySprite.uasset" 181
"../../Plugins/2D/Paper2D/Content/DefaultPaperTerrainMaterial.uasset" 182
"../../Plugins/2D/Paper2D/Content/DummySpriteTexture.uasset" 183
"../../Plugins/2D/Paper2D/Content/DefaultSpriteMaterial.uasset" 184
"../../Plugins/2D/Paper2D/Content/MaskedUnlitSpriteMaterial.uasset" 185
"../../Plugins/2D/Paper2D/Content/OpaqueUnlitSpriteMaterial.uasset" 186
"../../Plugins/Runtime/Oculus/OculusVR/Content/OculusMR_RenderTarget.uasset" 187
"../../../Engine/Content/Functions/Engine_MaterialFunctions02/Utility/BreakOutFloat4Components.uasset" 188
"../../../Engine/Content/Functions/Engine_MaterialFunctions02/Utility/MakeFloat2.uasset" 189
"../../../Engine/Content/Functions/Engine_MaterialFunctions02/Utility/MakeFloat3.uasset" 190
"../../Plugins/Runtime/Oculus/OculusVR/Content/Materials/OculusMR_ChromaKey.uasset" 191
"../../Plugins/Runtime/Oculus/OculusVR/Content/Materials/OculusMR_ChromaKey_Lit.uasset" 192
"../../Plugins/Runtime/Oculus/OculusVR/Content/Materials/OculusMR_OpaqueColoredMaterial.uasset" 193
"../../Plugins/Runtime/Oculus/OculusVR/Content/Materials/OculusMR_WhiteMaterial.uasset" 194
"../../../../../../Users/tclan/Documents/GitHub/MetroidvaniaJam/Metroidvania/Content/_BP/Pawns/_AI/ActiveEnemy_BB.uasset" 195
"../../../../../../Users/tclan/Documents/GitHub/MetroidvaniaJam/Metroidvania/Content/_BP/Pawns/_AI/ActiveEnemy_BT.uasset" 196
"../../../../../../Users/tclan/Documents/GitHub/MetroidvaniaJam/Metroidvania/Content/_BP/Pawns/_AI/CustomController_AI.uasset" 197
"../../../../../../Users/tclan/Documents/GitHub/MetroidvaniaJam/Metroidvania/Content/_Materials/ActiveEnemy_Mat.uasset" 198
"../../../../../../Users/tclan/Documents/GitHub/MetroidvaniaJam/Metroidvania/Content/_BP/Pawns/BP_ActiveEnemy.uasset" 199
"../../../Engine/Content/EngineSky/C_Sky_Cloud_Color.uasset" 200
"../../../Engine/Content/EngineSky/C_Sky_Horizon_Color.uasset" 201
"../../../Engine/Content/EngineSky/C_Sky_Zenith_Color.uasset" 202
"../../../Engine/Content/EngineSky/T_Sky_Blue.uasset" 203
"../../../Engine/Content/EngineSky/T_Sky_Clouds_M.uasset" 204
"../../../Engine/Content/EngineSky/T_Sky_Stars.uasset" 205
"../../../Engine/Content/EngineSky/M_Sky_Panning_Clouds2.uasset" 206
"../../../Engine/Content/EngineSky/SM_SkySphere.uasset" 207
"../../../Engine/Content/EngineSky/BP_Sky_Sphere.uasset" 208
"../../../../../../Users/tclan/Documents/GitHub/MetroidvaniaJam/Metroidvania/Content/_BP/Actors/BP_GrenadePickup.uasset" 209
"../../../../../../Users/tclan/Documents/GitHub/MetroidvaniaJam/Metroidvania/Content/_Materials/LadderVolume_Mat.uasset" 210
"../../../../../../Users/tclan/Documents/GitHub/MetroidvaniaJam/Metroidvania/Content/_BP/Actors/BP_LadderVolume.uasset" 211
"../../../../../../Users/tclan/Documents/GitHub/MetroidvaniaJam/Metroidvania/Content/_BP/Actors/BP_Target.uasset" 212
"../../../../../../Users/tclan/Documents/GitHub/MetroidvaniaJam/Metroidvania/Content/_Materials/WalkableWallSection_Mat.uasset" 213
"../../../../../../Users/tclan/Documents/GitHub/MetroidvaniaJam/Metroidvania/Content/_BP/Actors/BP_WalkableWallSection.uasset" 214
"../../../../../../Users/tclan/Documents/GitHub/MetroidvaniaJam/Metroidvania/Content/_Materials/ZipLinePoint_Mat.uasset" 215
"../../../Engine/Content/EngineMeshes/Sphere.uasset" 216
"../../../../../../Users/tclan/Documents/GitHub/MetroidvaniaJam/Metroidvania/Content/_BP/Actors/BP_ZipLinePoint.uasset" 217
"../../../../../../Users/tclan/Documents/GitHub/MetroidvaniaJam/Metroidvania/Content/_Levels/Test_Level_BuiltData.uasset" 218
"../../../Engine/Content/BasicShapes/Cone.uasset" 219
"../../../../../../Users/tclan/Documents/GitHub/MetroidvaniaJam/Metroidvania/Content/_StaticMesh/Environment_Books_Pile_Small_1.uasset" 220
"../../../../../../Users/tclan/Documents/GitHub/MetroidvaniaJam/Metroidvania/Content/_StaticMesh/Environment_Books_Shelf_1.uasset" 221
"../../../../../../Users/tclan/Documents/GitHub/MetroidvaniaJam/Metroidvania/Content/_StaticMesh/Environment_Books_Shelf_2.uasset" 222
"../../../../../../Users/tclan/Documents/GitHub/MetroidvaniaJam/Metroidvania/Content/_StaticMesh/Environment_Bookshelf.uasset" 223
"../../../../../../Users/tclan/Documents/GitHub/MetroidvaniaJam/Metroidvania/Content/_StaticMesh/Environment_Chair.uasset" 224
"../../../../../../Users/tclan/Documents/GitHub/MetroidvaniaJam/Metroidvania/Content/_StaticMesh/Environment_Credenza.uasset" 225
"../../../../../../Users/tclan/Documents/GitHub/MetroidvaniaJam/Metroidvania/Content/_StaticMesh/Environment_Pillar.uasset" 226
"../../../../../../Users/tclan/Documents/GitHub/MetroidvaniaJam/Metroidvania/Content/_Levels/Test_Level.umap" 227
"../../../Engine/Content/Maps/Entry_BuiltData.uasset" 228
"../../../Engine/Content/Maps/Entry.umap" 229
